name,email,date,country
Baxter Finley,mi.Duis.risus@Mauris.org,12/09/2021,France
Benjamin Fuentes,nisi.magna.sed@nisi.edu,06/28/2021,Peru
Dorian Merritt,et@Aliquameratvolutpat.co.uk,08/25/2020,India
Olympia Leblanc,sed@lobortisquis.net,07/02/2021,Chile
Barry Norton,Pellentesque.ultricies.dignissim@mattisvelitjusto.co.uk,01/22/2022,Peru
Rigel Cross,Aliquam.vulputate.ullamcorper@auctor.edu,09/24/2020,United Kingdom
Marvin Chase,neque.In.ornare@seddictumeleifend.net,02/09/2022,United Kingdom
Sheila Brewer,diam.dictum@odiovelest.ca,12/28/2021,Germany
Noelani Barrett,Vivamus@quis.com,01/28/2021,United States
Cheyenne Wise,Nunc@pedeacurna.ca,08/06/2022,United Kingdom
Irma Reilly,Lorem.ipsum.dolor@acmattisvelit.edu,04/20/2021,Colombia
Martina Bean,mauris.aliquam.eu@natoquepenatibuset.ca,12/27/2021,India
Bryar Avery,mauris.eu@Phasellusvitaemauris.net,06/05/2021,Peru
Hiroko Hardy,pede.sagittis@tristiqueneque.co.uk,01/02/2021,Colombia
Signe Carver,enim@nonsollicitudin.ca,05/07/2021,United Kingdom
Zane Leblanc,velit.dui@dictum.edu,10/07/2021,India
Solomon Snider,at.egestas.a@convallisantelectus.org,04/06/2022,France
Emerson Curtis,mi@MaurismagnaDuis.ca,03/30/2021,India
Macaulay Sosa,Integer@volutpatNulla.com,01/22/2021,Canada
Jared Puckett,id.libero.Donec@arcuSed.edu,08/22/2021,Peru
Baker Nicholson,nec@ipsum.org,05/23/2022,Germany
Clinton Vaughn,mattis@ornare.edu,07/26/2021,France
Buckminster Gentry,elit.Etiam@velsapienimperdiet.org,12/28/2020,Brazil
Joan Hester,quis@velitegetlaoreet.net,08/04/2021,Colombia
Randall Downs,ipsum@disparturient.net,09/07/2020,Canada
Desirae Marsh,quis.urna.Nunc@lobortisquam.com,10/01/2021,Chile
Quinn Woodard,pede@pedeacurna.ca,01/14/2022,Chile
Howard Baker,aliquam@elementumduiquis.edu,08/27/2020,Peru
Rylee Swanson,nec@eratvitaerisus.net,04/16/2021,India
Darius Barber,aliquam.arcu.Aliquam@ut.co.uk,08/26/2021,France
Ina Fernandez,congue.a@Donectemporest.co.uk,05/11/2021,Brazil
Akeem Fitzgerald,porttitor.scelerisque.neque@Sed.ca,07/27/2022,Chile
Darius Manning,ac@rutrumurnanec.org,05/14/2021,Chile
Beck Walton,Duis.risus.odio@malesuadamalesuada.co.uk,03/12/2021,Chile
Shaine Kim,laoreet.posuere@faucibus.com,02/25/2021,Colombia
Andrew Marquez,congue.In.scelerisque@enimCurabiturmassa.com,10/21/2021,Brazil
Iona Castillo,massa@tinciduntorciquis.co.uk,08/16/2022,Colombia
Carl Dodson,Curabitur.ut@egestasSedpharetra.ca,12/09/2021,Germany
Lane Norris,felis.purus.ac@lobortisquis.ca,09/03/2020,Colombia
Salvador Hamilton,id.enim.Curabitur@risus.net,08/08/2021,United Kingdom
Nigel Carson,luctus.et@parturientmontesnascetur.com,05/06/2021,Colombia
Rajah Benjamin,lorem.luctus.ut@euplacerat.net,04/15/2021,Colombia
Jared Blankenship,arcu.Nunc.mauris@montesnasceturridiculus.co.uk,09/25/2021,Canada
Kyra Giles,orci.tincidunt@ametrisusDonec.org,01/21/2021,Brazil
Xandra Villarreal,molestie.sodales.Mauris@eu.net,03/05/2021,Brazil
Erich Tucker,montes.nascetur.ridiculus@dolor.net,10/21/2021,Germany
Victor Quinn,laoreet.ipsum.Curabitur@euarcuMorbi.co.uk,10/11/2021,Canada
Christian Randolph,turpis.non.enim@vehicula.co.uk,12/14/2021,Colombia
Madison Larsen,parturient.montes.nascetur@penatibusetmagnis.org,01/03/2021,Germany
Wanda Galloway,sed.pede@ridiculusmusDonec.net,02/16/2021,India
Troy Roach,condimentum.Donec.at@aodio.ca,01/10/2022,United States
Desiree Pittman,lacinia.at.iaculis@ut.edu,12/29/2021,Germany
Porter Rosa,metus.sit@Phasellusdapibusquam.edu,06/23/2022,Peru
Ryder Webb,urna.convallis.erat@facilisisfacilisismagna.com,01/24/2021,United Kingdom
Irma Burnett,lacus.Ut@ultricesposuere.ca,01/25/2021,United Kingdom
Graham Ellison,arcu.eu.odio@Aliquam.com,04/16/2021,Colombia
Magee Bowers,sit.amet.dapibus@egestas.ca,06/08/2022,India
Neville Mullins,ipsum.Phasellus@cursus.org,06/21/2022,United States
Martha Dorsey,a.mi@sociisnatoquepenatibus.ca,08/08/2021,United States
Tatyana Rowland,Duis@orciUt.org,07/27/2022,United Kingdom
Madonna Rios,egestas.a.scelerisque@sodales.co.uk,10/17/2020,Colombia
Thane Bernard,egestas.Sed.pharetra@mattis.ca,08/05/2021,United States
Cameron Horn,dictum.augue@ornare.co.uk,09/20/2020,India
Barry Stein,luctus@vitaenibhDonec.ca,01/02/2021,United Kingdom
Duncan Pate,quis@Vivamus.net,12/06/2021,Germany
Janna Berger,sed.leo.Cras@at.org,11/28/2021,Peru
Hadley Barry,mauris@nonbibendumsed.org,10/12/2020,United Kingdom
Marsden Austin,neque.vitae@Curabiturconsequat.com,11/27/2021,United Kingdom
Hamilton Ware,ut.cursus.luctus@congue.com,03/24/2021,United States
Marcia Fox,lorem.tristique.aliquet@erosProinultrices.ca,07/08/2022,United Kingdom
Velma Beasley,a.odio@magnanec.edu,02/25/2021,Germany
Gray Moss,Sed@acmattis.org,09/11/2020,Chile
Honorato Beck,venenatis.lacus.Etiam@loremipsumsodales.net,10/22/2021,Brazil
Charde Stokes,amet.dapibus.id@velquamdignissim.org,02/01/2021,France
Maxine Webster,pede@in.org,06/30/2021,United States
Xavier Kelly,ultrices@convallis.com,02/21/2022,India
Xavier Gordon,aliquet.diam@Donectempor.ca,03/05/2022,Colombia
Leonard Freeman,ipsum.leo@sapienAenean.com,01/22/2021,India
Kathleen Calderon,magnis.dis@Donec.net,08/12/2022,United Kingdom
Dominique Mckinney,Sed.dictum.Proin@Phasellusat.net,07/30/2022,United Kingdom
Arsenio Ratliff,et.magnis.dis@ultriciesornareelit.org,04/08/2022,India
Brynn Clarke,senectus@cursus.edu,04/03/2021,Colombia
Heather Cobb,tempor.arcu@vitae.co.uk,02/11/2021,Canada
Tara Madden,In.at@Nuncsed.co.uk,10/11/2020,Germany
Pamela Mcgowan,quam.vel@intempuseu.net,07/13/2022,France
Clark Wells,vehicula@sedliberoProin.co.uk,03/11/2022,Chile
Nasim Becker,porttitor.eros.nec@luctus.co.uk,03/20/2021,Peru
Beck Mccarty,justo.eu@tempor.com,04/28/2021,United States
Kyle Barrera,vel.est@euismod.com,08/26/2021,Chile
Eric Robles,metus@Curae.com,10/22/2020,Peru
Kameko Poole,Integer.eu@convallisligula.net,02/23/2021,United States
Tanya Whitley,Fusce.mollis@Suspendissenon.org,06/29/2022,Colombia
Hoyt Curry,vulputate@mi.co.uk,08/30/2020,France
Cade Boyd,ipsum@liberonec.co.uk,07/28/2021,France
Darius Dudley,mauris.aliquam.eu@a.edu,01/06/2021,Germany
Jamalia Booth,dui@Loremipsumdolor.org,01/27/2021,Colombia
Tanisha Park,Duis@cursusin.net,03/27/2022,United States
Nero Tyler,convallis.ligula.Donec@acmieleifend.com,09/23/2020,Brazil
Tana Vazquez,dignissim.magna@semmollisdui.org,05/05/2022,Canada
Marah Bowen,nulla@quis.edu,05/28/2022,Canada
